{"timestamp":"2026-03-19 04:47:28","level":"INFO","logger":"com.trading.simulation.audit","message":"User tradeMarco logged in successfully"}
{"timestamp":"2026-03-19 04:47:47","level":"INFO","logger":"com.trading.simulation.audit","message":"User 5 executed BUY 5 shares of PPERF at price 1.1957585494984442"}
{"timestamp":"2026-03-19 04:47:53","level":"INFO","logger":"com.trading.simulation.audit","message":"User 5 viewed balance: 435.32790356875216"}
{"timestamp":"2026-03-19 04:47:53","level":"INFO","logger":"com.trading.simulation.audit","message":"User 5 viewed balance: 435.32790356875216"}
{"timestamp":"2026-03-19 04:47:53","level":"INFO","logger":"com.trading.simulation.audit","message":"User 5 viewed margin status: Margin healthy: Equity = 50389.95, Margin Used = 0.00, Allowed = 249773.10 (Ratio 100.0%)"}
{"timestamp":"2026-03-19 04:47:53","level":"INFO","logger":"com.trading.simulation.audit","message":"User 5 viewed margin status: Margin healthy: Equity = 50389.95, Margin Used = 0.00, Allowed = 249773.10 (Ratio 100.0%)"}
{"timestamp":"2026-03-19 04:47:53","level":"INFO","logger":"com.trading.simulation.audit","message":"User 5 viewed portfolio holdings"}
{"timestamp":"2026-03-19 04:47:53","level":"INFO","logger":"com.trading.simulation.audit","message":"User 5 viewed portfolio holdings"}
{"timestamp":"2026-03-19 04:47:53","level":"INFO","logger":"com.trading.simulation.audit","message":"User 5 viewed full trade history"}
{"timestamp":"2026-03-19 04:47:54","level":"INFO","logger":"com.trading.simulation.audit","message":"User 5 viewed full trade history"}
{"timestamp":"2026-03-19 04:48:03","level":"INFO","logger":"com.trading.simulation.audit","message":"User 5 viewed balance: 431.05561082125996"}
{"timestamp":"2026-03-19 04:48:03","level":"INFO","logger":"com.trading.simulation.audit","message":"User 5 viewed balance: 431.05561082125996"}
{"timestamp":"2026-03-19 04:48:03","level":"INFO","logger":"com.trading.simulation.audit","message":"User 5 viewed margin status: Margin healthy: Equity = 50385.68, Margin Used = 0.00, Allowed = 249773.10 (Ratio 100.0%)"}
{"timestamp":"2026-03-19 04:48:03","level":"INFO","logger":"com.trading.simulation.audit","message":"User 5 viewed margin status: Margin healthy: Equity = 50385.68, Margin Used = 0.00, Allowed = 249773.10 (Ratio 100.0%)"}
{"timestamp":"2026-03-19 04:48:03","level":"INFO","logger":"com.trading.simulation.audit","message":"User 5 viewed portfolio holdings"}
{"timestamp":"2026-03-19 04:48:03","level":"INFO","logger":"com.trading.simulation.audit","message":"User 5 viewed portfolio holdings"}
{"timestamp":"2026-03-19 04:48:03","level":"INFO","logger":"com.trading.simulation.audit","message":"User 5 viewed full trade history"}
{"timestamp":"2026-03-19 04:48:03","level":"INFO","logger":"com.trading.simulation.audit","message":"User 5 viewed full trade history"}
{"timestamp":"2026-03-19 04:53:11","level":"INFO","logger":"com.trading.simulation.audit","message":"User tradeMarco logged in successfully"}
{"timestamp":"2026-03-19 04:53:22","level":"INFO","logger":"com.trading.simulation.audit","message":"User 5 executed BUY 10 shares of TINFF at price 0.368"}
{"timestamp":"2026-03-19 05:46:17","level":"INFO","logger":"com.example.tradingsimulationsystem.audit","message":"Authentication lookup performed for username=Stocker"}
{"timestamp":"2026-03-19 05:46:17","level":"INFO","logger":"com.example.tradingsimulationsystem.audit","message":"Authentication lookup performed for username=Stocker"}
{"timestamp":"2026-03-19 05:46:17","level":"INFO","logger":"com.example.tradingsimulationsystem.audit","message":"Authentication lookup performed for username=Stocker"}
{"timestamp":"2026-03-19 05:46:17","level":"INFO","logger":"com.example.tradingsimulationsystem.audit","message":"Authentication lookup performed for username=Stocker"}
{"timestamp":"2026-03-19 05:46:20","level":"INFO","logger":"com.example.tradingsimulationsystem.audit","message":"Authentication lookup performed for username=Stocker"}
{"timestamp":"2026-03-19 05:46:20","level":"INFO","logger":"com.example.tradingsimulationsystem.audit","message":"Authentication lookup performed for username=Stocker"}
{"timestamp":"2026-03-19 05:46:20","level":"INFO","logger":"com.example.tradingsimulationsystem.audit","message":"Authentication lookup performed for username=Stocker"}
{"timestamp":"2026-03-19 05:46:20","level":"INFO","logger":"com.example.tradingsimulationsystem.audit","message":"Authentication lookup performed for username=Stocker"}
{"timestamp":"2026-03-19 05:46:20","level":"INFO","logger":"com.example.tradingsimulationsystem.audit","message":"Authentication lookup performed for username=Stocker"}
{"timestamp":"2026-03-19 05:46:20","level":"INFO","logger":"com.example.tradingsimulationsystem.audit","message":"Authentication lookup performed for username=Stocker"}
{"timestamp":"2026-03-19 05:46:20","level":"INFO","logger":"com.example.tradingsimulationsystem.audit","message":"Authentication lookup performed for username=Stocker"}
{"timestamp":"2026-03-19 05:46:20","level":"INFO","logger":"com.example.tradingsimulationsystem.audit","message":"Authentication lookup performed for username=Stocker"}
{"timestamp":"2026-03-19 05:46:20","level":"INFO","logger":"com.example.tradingsimulationsystem.audit","message":"Authentication lookup performed for username=Stocker"}
{"timestamp":"2026-03-19 05:46:21","level":"INFO","logger":"com.example.tradingsimulationsystem.audit","message":"Authentication lookup performed for username=Stocker"}
{"timestamp":"2026-03-19 05:46:22","level":"INFO","logger":"com.example.tradingsimulationsystem.audit","message":"Authentication lookup performed for username=Stocker"}
{"timestamp":"2026-03-19 05:46:22","level":"INFO","logger":"com.example.tradingsimulationsystem.audit","message":"Authentication lookup performed for username=Stocker"}
{"timestamp":"2026-03-19 05:46:32","level":"INFO","logger":"com.example.tradingsimulationsystem.audit","message":"Authentication lookup performed for username=Stocker"}
{"timestamp":"2026-03-19 05:46:32","level":"INFO","logger":"com.example.tradingsimulationsystem.audit","message":"Authentication lookup performed for username=Stocker"}
{"timestamp":"2026-03-19 05:46:42","level":"INFO","logger":"com.example.tradingsimulationsystem.audit","message":"Authentication lookup performed for username=Stocker"}
{"timestamp":"2026-03-19 05:46:43","level":"INFO","logger":"com.example.tradingsimulationsystem.audit","message":"Authentication lookup performed for username=Stocker"}
{"timestamp":"2026-03-19 05:46:52","level":"INFO","logger":"com.example.tradingsimulationsystem.audit","message":"Authentication lookup performed for username=Stocker"}
{"timestamp":"2026-03-19 05:47:02","level":"INFO","logger":"com.example.tradingsimulationsystem.audit","message":"Authentication lookup performed for username=Stocker"}
{"timestamp":"2026-03-19 05:47:12","level":"INFO","logger":"com.example.tradingsimulationsystem.audit","message":"Authentication lookup performed for username=Stocker"}
{"timestamp":"2026-03-19 05:47:22","level":"INFO","logger":"com.example.tradingsimulationsystem.audit","message":"Authentication lookup performed for username=Stocker"}
{"timestamp":"2026-03-19 05:47:32","level":"INFO","logger":"com.example.tradingsimulationsystem.audit","message":"Authentication lookup performed for username=Stocker"}
{"timestamp":"2026-03-19 05:47:42","level":"INFO","logger":"com.example.tradingsimulationsystem.audit","message":"Authentication lookup performed for username=Stocker"}
{"timestamp":"2026-03-19 05:47:52","level":"INFO","logger":"com.example.tradingsimulationsystem.audit","message":"Authentication lookup performed for username=Stocker"}
{"timestamp":"2026-03-19 05:48:02","level":"INFO","logger":"com.example.tradingsimulationsystem.audit","message":"Authentication lookup performed for username=Stocker"}
{"timestamp":"2026-03-19 05:48:12","level":"INFO","logger":"com.example.tradingsimulationsystem.audit","message":"Authentication lookup performed for username=Stocker"}
{"timestamp":"2026-03-19 05:48:22","level":"INFO","logger":"com.example.tradingsimulationsystem.audit","message":"Authentication lookup performed for username=Stocker"}
{"timestamp":"2026-03-19 05:48:32","level":"INFO","logger":"com.example.tradingsimulationsystem.audit","message":"Authentication lookup performed for username=Stocker"}
{"timestamp":"2026-03-19 05:48:42","level":"INFO","logger":"com.example.tradingsimulationsystem.audit","message":"Authentication lookup performed for username=Stocker"}
{"timestamp":"2026-03-19 05:49:28","level":"INFO","logger":"com.example.tradingsimulationsystem.audit","message":"Authentication lookup performed for username=Stocker"}
{"timestamp":"2026-03-19 05:50:28","level":"INFO","logger":"com.example.tradingsimulationsystem.audit","message":"Authentication lookup performed for username=Stocker"}
{"timestamp":"2026-03-19 05:51:28","level":"INFO","logger":"com.example.tradingsimulationsystem.audit","message":"Authentication lookup performed for username=Stocker"}
{"timestamp":"2026-03-19 05:52:28","level":"INFO","logger":"com.example.tradingsimulationsystem.audit","message":"Authentication lookup performed for username=Stocker"}
{"timestamp":"2026-03-19 05:55:36","level":"INFO","logger":"com.example.tradingsimulationsystem.audit","message":"New user registered: username=ViratSharma, id=7"}
{"timestamp":"2026-03-19 05:55:41","level":"INFO","logger":"com.example.tradingsimulationsystem.audit","message":"Authentication lookup performed for username=ViratSharma"}
{"timestamp":"2026-03-19 05:55:41","level":"INFO","logger":"com.example.tradingsimulationsystem.audit","message":"User ViratSharma logged in successfully"}
{"timestamp":"2026-03-19 05:55:41","level":"INFO","logger":"com.example.tradingsimulationsystem.audit","message":"Authentication lookup performed for username=ViratSharma"}
{"timestamp":"2026-03-19 05:55:41","level":"INFO","logger":"com.example.tradingsimulationsystem.audit","message":"Authentication lookup performed for username=ViratSharma"}
{"timestamp":"2026-03-19 05:55:41","level":"INFO","logger":"com.example.tradingsimulationsystem.audit","message":"Authentication lookup performed for username=ViratSharma"}
{"timestamp":"2026-03-19 05:55:41","level":"INFO","logger":"com.example.tradingsimulationsystem.audit","message":"Authentication lookup performed for username=ViratSharma"}
{"timestamp":"2026-03-19 05:55:45","level":"INFO","logger":"com.example.tradingsimulationsystem.audit","message":"Authentication lookup performed for username=ViratSharma"}
{"timestamp":"2026-03-19 05:55:45","level":"INFO","logger":"com.example.tradingsimulationsystem.audit","message":"Authentication lookup performed for username=ViratSharma"}
{"timestamp":"2026-03-19 05:55:52","level":"INFO","logger":"com.example.tradingsimulationsystem.audit","message":"Authentication lookup performed for username=ViratSharma"}
{"timestamp":"2026-03-19 05:55:55","level":"INFO","logger":"com.example.tradingsimulationsystem.audit","message":"Authentication lookup performed for username=ViratSharma"}
{"timestamp":"2026-03-19 05:56:05","level":"INFO","logger":"com.example.tradingsimulationsystem.audit","message":"Authentication lookup performed for username=ViratSharma"}
{"timestamp":"2026-03-19 05:56:15","level":"INFO","logger":"com.example.tradingsimulationsystem.audit","message":"Authentication lookup performed for username=ViratSharma"}
{"timestamp":"2026-03-19 05:56:25","level":"INFO","logger":"com.example.tradingsimulationsystem.audit","message":"Authentication lookup performed for username=ViratSharma"}
{"timestamp":"2026-03-19 05:56:35","level":"INFO","logger":"com.example.tradingsimulationsystem.audit","message":"Authentication lookup performed for username=ViratSharma"}
{"timestamp":"2026-03-19 05:56:45","level":"INFO","logger":"com.example.tradingsimulationsystem.audit","message":"Authentication lookup performed for username=ViratSharma"}
{"timestamp":"2026-03-19 05:56:55","level":"INFO","logger":"com.example.tradingsimulationsystem.audit","message":"Authentication lookup performed for username=ViratSharma"}
{"timestamp":"2026-03-19 05:57:28","level":"INFO","logger":"com.example.tradingsimulationsystem.audit","message":"Authentication lookup performed for username=ViratSharma"}
{"timestamp":"2026-03-19 06:00:28","level":"INFO","logger":"com.example.tradingsimulationsystem.audit","message":"Authentication lookup performed for username=ViratSharma"}
{"timestamp":"2026-03-19 06:00:45","level":"INFO","logger":"com.example.tradingsimulationsystem.audit","message":"Authentication lookup performed for username=ViratSharma"}
{"timestamp":"2026-03-19 06:00:47","level":"INFO","logger":"com.example.tradingsimulationsystem.audit","message":"Authentication lookup performed for username=ViratSharma"}
{"timestamp":"2026-03-19 06:00:47","level":"INFO","logger":"com.example.tradingsimulationsystem.audit","message":"Authentication lookup performed for username=ViratSharma"}
{"timestamp":"2026-03-19 06:00:50","level":"INFO","logger":"com.example.tradingsimulationsystem.audit","message":"Authentication lookup performed for username=ViratSharma"}
{"timestamp":"2026-03-19 06:00:50","level":"INFO","logger":"com.example.tradingsimulationsystem.audit","message":"Authentication lookup performed for username=ViratSharma"}
{"timestamp":"2026-03-19 06:00:50","level":"INFO","logger":"com.example.tradingsimulationsystem.audit","message":"Authentication lookup performed for username=ViratSharma"}
{"timestamp":"2026-03-19 06:00:50","level":"INFO","logger":"com.example.tradingsimulationsystem.audit","message":"Authentication lookup performed for username=ViratSharma"}
{"timestamp":"2026-03-19 06:00:50","level":"INFO","logger":"com.example.tradingsimulationsystem.audit","message":"Authentication lookup performed for username=ViratSharma"}
{"timestamp":"2026-03-19 06:00:50","level":"INFO","logger":"com.example.tradingsimulationsystem.audit","message":"Authentication lookup performed for username=ViratSharma"}
{"timestamp":"2026-03-19 06:00:50","level":"INFO","logger":"com.example.tradingsimulationsystem.audit","message":"Authentication lookup performed for username=ViratSharma"}
{"timestamp":"2026-03-19 06:00:50","level":"INFO","logger":"com.example.tradingsimulationsystem.audit","message":"Authentication lookup performed for username=ViratSharma"}
{"timestamp":"2026-03-19 06:00:50","level":"INFO","logger":"com.example.tradingsimulationsystem.audit","message":"Authentication lookup performed for username=ViratSharma"}
{"timestamp":"2026-03-19 06:00:51","level":"INFO","logger":"com.example.tradingsimulationsystem.audit","message":"Authentication lookup performed for username=ViratSharma"}
{"timestamp":"2026-03-19 06:00:52","level":"INFO","logger":"com.example.tradingsimulationsystem.audit","message":"Authentication lookup performed for username=ViratSharma"}
{"timestamp":"2026-03-19 06:00:52","level":"INFO","logger":"com.example.tradingsimulationsystem.audit","message":"Authentication lookup performed for username=ViratSharma"}
{"timestamp":"2026-03-19 06:01:00","level":"INFO","logger":"com.example.tradingsimulationsystem.audit","message":"Authentication lookup performed for username=ViratSharma"}
{"timestamp":"2026-03-19 06:01:02","level":"INFO","logger":"com.example.tradingsimulationsystem.audit","message":"Authentication lookup performed for username=ViratSharma"}
{"timestamp":"2026-03-19 06:01:11","level":"INFO","logger":"com.example.tradingsimulationsystem.audit","message":"Authentication lookup performed for username=ViratSharma"}
{"timestamp":"2026-03-19 06:01:13","level":"INFO","logger":"com.example.tradingsimulationsystem.audit","message":"Authentication lookup performed for username=ViratSharma"}
{"timestamp":"2026-03-19 06:01:23","level":"INFO","logger":"com.example.tradingsimulationsystem.audit","message":"Authentication lookup performed for username=ViratSharma"}
{"timestamp":"2026-03-19 06:01:33","level":"INFO","logger":"com.example.tradingsimulationsystem.audit","message":"Authentication lookup performed for username=ViratSharma"}
{"timestamp":"2026-03-19 06:01:43","level":"INFO","logger":"com.example.tradingsimulationsystem.audit","message":"Authentication lookup performed for username=ViratSharma"}
{"timestamp":"2026-03-19 06:01:53","level":"INFO","logger":"com.example.tradingsimulationsystem.audit","message":"Authentication lookup performed for username=ViratSharma"}
{"timestamp":"2026-03-19 06:02:03","level":"INFO","logger":"com.example.tradingsimulationsystem.audit","message":"Authentication lookup performed for username=ViratSharma"}
{"timestamp":"2026-03-19 06:02:13","level":"INFO","logger":"com.example.tradingsimulationsystem.audit","message":"Authentication lookup performed for username=ViratSharma"}
{"timestamp":"2026-03-19 06:02:28","level":"INFO","logger":"com.example.tradingsimulationsystem.audit","message":"Authentication lookup performed for username=ViratSharma"}
{"timestamp":"2026-03-19 06:03:28","level":"INFO","logger":"com.example.tradingsimulationsystem.audit","message":"Authentication lookup performed for username=ViratSharma"}
{"timestamp":"2026-03-19 06:04:28","level":"INFO","logger":"com.example.tradingsimulationsystem.audit","message":"Authentication lookup performed for username=ViratSharma"}
{"timestamp":"2026-03-19 06:05:28","level":"INFO","logger":"com.example.tradingsimulationsystem.audit","message":"Authentication lookup performed for username=ViratSharma"}
{"timestamp":"2026-03-19 06:06:28","level":"INFO","logger":"com.example.tradingsimulationsystem.audit","message":"Authentication lookup performed for username=ViratSharma"}
{"timestamp":"2026-03-19 06:07:28","level":"INFO","logger":"com.example.tradingsimulationsystem.audit","message":"Authentication lookup performed for username=ViratSharma"}
{"timestamp":"2026-03-19 06:08:28","level":"INFO","logger":"com.example.tradingsimulationsystem.audit","message":"Authentication lookup performed for username=ViratSharma"}
{"timestamp":"2026-03-19 06:09:28","level":"INFO","logger":"com.example.tradingsimulationsystem.audit","message":"Authentication lookup performed for username=ViratSharma"}
{"timestamp":"2026-03-19 06:10:28","level":"INFO","logger":"com.example.tradingsimulationsystem.audit","message":"Authentication lookup performed for username=ViratSharma"}
{"timestamp":"2026-03-19 06:20:39","level":"INFO","logger":"com.example.tradingsimulationsystem.audit","message":"Authentication lookup performed for username=Stocker"}
{"timestamp":"2026-03-19 06:20:39","level":"INFO","logger":"com.example.tradingsimulationsystem.audit","message":"User Stocker logged in successfully"}
{"timestamp":"2026-03-19 06:20:39","level":"INFO","logger":"com.example.tradingsimulationsystem.audit","message":"Authentication lookup performed for username=Stocker"}
{"timestamp":"2026-03-19 06:20:39","level":"INFO","logger":"com.example.tradingsimulationsystem.audit","message":"Authentication lookup performed for username=Stocker"}
{"timestamp":"2026-03-19 06:20:39","level":"INFO","logger":"com.example.tradingsimulationsystem.audit","message":"Authentication lookup performed for username=Stocker"}
{"timestamp":"2026-03-19 06:20:39","level":"INFO","logger":"com.example.tradingsimulationsystem.audit","message":"Authentication lookup performed for username=Stocker"}
{"timestamp":"2026-03-19 06:20:42","level":"INFO","logger":"com.example.tradingsimulationsystem.audit","message":"Authentication lookup performed for username=Stocker"}
{"timestamp":"2026-03-19 06:20:42","level":"INFO","logger":"com.example.tradingsimulationsystem.audit","message":"Authentication lookup performed for username=Stocker"}
{"timestamp":"2026-03-19 06:20:42","level":"INFO","logger":"com.example.tradingsimulationsystem.audit","message":"Authentication lookup performed for username=Stocker"}
{"timestamp":"2026-03-19 06:20:42","level":"INFO","logger":"com.example.tradingsimulationsystem.audit","message":"Authentication lookup performed for username=Stocker"}
{"timestamp":"2026-03-19 06:20:42","level":"INFO","logger":"com.example.tradingsimulationsystem.audit","message":"Authentication lookup performed for username=Stocker"}
{"timestamp":"2026-03-19 06:20:42","level":"INFO","logger":"com.example.tradingsimulationsystem.audit","message":"Authentication lookup performed for username=Stocker"}
{"timestamp":"2026-03-19 06:20:42","level":"INFO","logger":"com.example.tradingsimulationsystem.audit","message":"Authentication lookup performed for username=Stocker"}
{"timestamp":"2026-03-19 06:20:42","level":"INFO","logger":"com.example.tradingsimulationsystem.audit","message":"Authentication lookup performed for username=Stocker"}
{"timestamp":"2026-03-19 06:20:42","level":"INFO","logger":"com.example.tradingsimulationsystem.audit","message":"Authentication lookup performed for username=Stocker"}
{"timestamp":"2026-03-19 06:20:43","level":"INFO","logger":"com.example.tradingsimulationsystem.audit","message":"Authentication lookup performed for username=Stocker"}
{"timestamp":"2026-03-19 06:20:45","level":"INFO","logger":"com.example.tradingsimulationsystem.audit","message":"Authentication lookup performed for username=Stocker"}
{"timestamp":"2026-03-19 06:20:45","level":"INFO","logger":"com.example.tradingsimulationsystem.audit","message":"Authentication lookup performed for username=Stocker"}
{"timestamp":"2026-03-19 06:20:53","level":"INFO","logger":"com.example.tradingsimulationsystem.audit","message":"Authentication lookup performed for username=Stocker"}
{"timestamp":"2026-03-19 06:20:55","level":"INFO","logger":"com.example.tradingsimulationsystem.audit","message":"Authentication lookup performed for username=Stocker"}
{"timestamp":"2026-03-19 06:21:05","level":"INFO","logger":"com.example.tradingsimulationsystem.audit","message":"Authentication lookup performed for username=Stocker"}
{"timestamp":"2026-03-19 06:21:05","level":"INFO","logger":"com.example.tradingsimulationsystem.audit","message":"Authentication lookup performed for username=Stocker"}
{"timestamp":"2026-03-19 06:21:11","level":"INFO","logger":"com.example.tradingsimulationsystem.audit","message":"Authentication lookup performed for username=Stocker"}
{"timestamp":"2026-03-19 06:21:11","level":"INFO","logger":"com.example.tradingsimulationsystem.audit","message":"Authentication lookup performed for username=Stocker"}
{"timestamp":"2026-03-19 06:21:11","level":"INFO","logger":"com.example.tradingsimulationsystem.audit","message":"Authentication lookup performed for username=Stocker"}
{"timestamp":"2026-03-19 06:21:11","level":"INFO","logger":"com.example.tradingsimulationsystem.audit","message":"Authentication lookup performed for username=Stocker"}
{"timestamp":"2026-03-19 06:21:11","level":"INFO","logger":"com.example.tradingsimulationsystem.audit","message":"Authentication lookup performed for username=Stocker"}
{"timestamp":"2026-03-19 06:21:11","level":"INFO","logger":"com.example.tradingsimulationsystem.audit","message":"Authentication lookup performed for username=Stocker"}
{"timestamp":"2026-03-19 06:21:11","level":"INFO","logger":"com.example.tradingsimulationsystem.audit","message":"Authentication lookup performed for username=Stocker"}
{"timestamp":"2026-03-19 06:21:11","level":"INFO","logger":"com.example.tradingsimulationsystem.audit","message":"Authentication lookup performed for username=Stocker"}
{"timestamp":"2026-03-19 06:21:11","level":"INFO","logger":"com.example.tradingsimulationsystem.audit","message":"Authentication lookup performed for username=Stocker"}
{"timestamp":"2026-03-19 06:21:11","level":"INFO","logger":"com.example.tradingsimulationsystem.audit","message":"Authentication lookup performed for username=Stocker"}
{"timestamp":"2026-03-19 06:21:39","level":"INFO","logger":"com.example.tradingsimulationsystem.audit","message":"Authentication lookup performed for username=Stocker"}
{"timestamp":"2026-03-19 06:21:39","level":"INFO","logger":"com.example.tradingsimulationsystem.audit","message":"Authentication lookup performed for username=Stocker"}
{"timestamp":"2026-03-19 06:21:39","level":"INFO","logger":"com.example.tradingsimulationsystem.audit","message":"Authentication lookup performed for username=Stocker"}
{"timestamp":"2026-03-19 06:21:39","level":"INFO","logger":"com.example.tradingsimulationsystem.audit","message":"Authentication lookup performed for username=Stocker"}
{"timestamp":"2026-03-19 06:21:39","level":"INFO","logger":"com.example.tradingsimulationsystem.audit","message":"Authentication lookup performed for username=Stocker"}
{"timestamp":"2026-03-19 06:21:39","level":"INFO","logger":"com.example.tradingsimulationsystem.audit","message":"Authentication lookup performed for username=Stocker"}
{"timestamp":"2026-03-19 06:21:39","level":"INFO","logger":"com.example.tradingsimulationsystem.audit","message":"Authentication lookup performed for username=Stocker"}
{"timestamp":"2026-03-19 06:21:39","level":"INFO","logger":"com.example.tradingsimulationsystem.audit","message":"Authentication lookup performed for username=Stocker"}
{"timestamp":"2026-03-19 06:21:39","level":"INFO","logger":"com.example.tradingsimulationsystem.audit","message":"Authentication lookup performed for username=Stocker"}
{"timestamp":"2026-03-19 06:21:39","level":"INFO","logger":"com.example.tradingsimulationsystem.audit","message":"Authentication lookup performed for username=Stocker"}
{"timestamp":"2026-03-19 06:21:42","level":"INFO","logger":"com.example.tradingsimulationsystem.audit","message":"Authentication lookup performed for username=Stocker"}
{"timestamp":"2026-03-19 06:21:42","level":"INFO","logger":"com.example.tradingsimulationsystem.audit","message":"Authentication lookup performed for username=Stocker"}
{"timestamp":"2026-03-19 06:21:42","level":"INFO","logger":"com.example.tradingsimulationsystem.audit","message":"Authentication lookup performed for username=Stocker"}
{"timestamp":"2026-03-19 06:21:42","level":"INFO","logger":"com.example.tradingsimulationsystem.audit","message":"Authentication lookup performed for username=Stocker"}
{"timestamp":"2026-03-19 06:21:42","level":"INFO","logger":"com.example.tradingsimulationsystem.audit","message":"Authentication lookup performed for username=Stocker"}
{"timestamp":"2026-03-19 06:21:42","level":"INFO","logger":"com.example.tradingsimulationsystem.audit","message":"Authentication lookup performed for username=Stocker"}
{"timestamp":"2026-03-19 06:21:42","level":"INFO","logger":"com.example.tradingsimulationsystem.audit","message":"Authentication lookup performed for username=Stocker"}
{"timestamp":"2026-03-19 06:21:42","level":"INFO","logger":"com.example.tradingsimulationsystem.audit","message":"Authentication lookup performed for username=Stocker"}
{"timestamp":"2026-03-19 06:21:42","level":"INFO","logger":"com.example.tradingsimulationsystem.audit","message":"Authentication lookup performed for username=Stocker"}
{"timestamp":"2026-03-19 06:21:43","level":"INFO","logger":"com.example.tradingsimulationsystem.audit","message":"Authentication lookup performed for username=Stocker"}
{"timestamp":"2026-03-19 06:21:44","level":"INFO","logger":"com.example.tradingsimulationsystem.audit","message":"Authentication lookup performed for username=Stocker"}
{"timestamp":"2026-03-19 06:21:44","level":"INFO","logger":"com.example.tradingsimulationsystem.audit","message":"Authentication lookup performed for username=Stocker"}
{"timestamp":"2026-03-19 06:21:44","level":"INFO","logger":"com.example.tradingsimulationsystem.audit","message":"Authentication lookup performed for username=Stocker"}
{"timestamp":"2026-03-19 06:21:44","level":"INFO","logger":"com.example.tradingsimulationsystem.audit","message":"Authentication lookup performed for username=Stocker"}
{"timestamp":"2026-03-19 06:22:44","level":"INFO","logger":"com.example.tradingsimulationsystem.audit","message":"Authentication lookup performed for username=Stocker"}
{"timestamp":"2026-03-19 06:23:44","level":"INFO","logger":"com.example.tradingsimulationsystem.audit","message":"Authentication lookup performed for username=Stocker"}
{"timestamp":"2026-03-19 06:24:44","level":"INFO","logger":"com.example.tradingsimulationsystem.audit","message":"Authentication lookup performed for username=Stocker"}
{"timestamp":"2026-03-19 06:25:44","level":"INFO","logger":"com.example.tradingsimulationsystem.audit","message":"Authentication lookup performed for username=Stocker"}
{"timestamp":"2026-03-19 06:26:44","level":"INFO","logger":"com.example.tradingsimulationsystem.audit","message":"Authentication lookup performed for username=Stocker"}
{"timestamp":"2026-03-19 06:27:44","level":"INFO","logger":"com.example.tradingsimulationsystem.audit","message":"Authentication lookup performed for username=Stocker"}
{"timestamp":"2026-03-19 06:28:44","level":"INFO","logger":"com.example.tradingsimulationsystem.audit","message":"Authentication lookup performed for username=Stocker"}
{"timestamp":"2026-03-19 06:29:45","level":"INFO","logger":"com.example.tradingsimulationsystem.audit","message":"Authentication lookup performed for username=Stocker"}
{"timestamp":"2026-03-19 06:30:46","level":"INFO","logger":"com.example.tradingsimulationsystem.audit","message":"Authentication lookup performed for username=Stocker"}
{"timestamp":"2026-03-19 06:31:47","level":"INFO","logger":"com.example.tradingsimulationsystem.audit","message":"Authentication lookup performed for username=Stocker"}
{"timestamp":"2026-03-19 06:32:48","level":"INFO","logger":"com.example.tradingsimulationsystem.audit","message":"Authentication lookup performed for username=Stocker"}
{"timestamp":"2026-03-19 06:33:49","level":"INFO","logger":"com.example.tradingsimulationsystem.audit","message":"Authentication lookup performed for username=Stocker"}
{"timestamp":"2026-03-19 06:34:50","level":"INFO","logger":"com.example.tradingsimulationsystem.audit","message":"Authentication lookup performed for username=Stocker"}
